===================
test2: FAILED
Given input
a b

Expected output: 
b a Got output: 
bash: line 1:  6381 Segmentation fault      (core dumped) /home/112401035/cs2013_112401035/labe2/src/1/1 < test2.in
===================

===================
test1: FAILED
Given input
Hello how are you today

Expected output: 
today you are how Hello
Got output: 
bash: line 1:  6396 Segmentation fault      (core dumped) /home/112401035/cs2013_112401035/labe2/src/1/1 < test1.in
===================

===================
test3: FAILED
Given input
have a good day thisisanunltralongtextwithadditionalcharactersaddedtoensureitmeetstherequirementsofmorecharactershereintotalitcontinuesontogoanditdoesnotstopanytimesoonthispartoftextisaddedtoenhancetheoveralllengthandfulfillthecharacterrequestwhilemaintainingtheconsistencyandstyleofthesentencecreatingasmoothflowwithoutrandominterruptions

Expected output: 
thisisanunltralongtextwithadditionalcharactersaddedtoensureitmeetstherequirementsofmorecharactershereintotalitcontinuesontogoanditdoesnotstopanytimesoonthispartoftextisaddedtoenhancetheoveralllengthandfulfillthecharacterrequestwhilemaintainingtheconsistencyandstyleofthesentencecreatingasmoothflowwithoutrandominterruptions day good a have Got output: 
bash: line 1:  6411 Segmentation fault      (core dumped) /home/112401035/cs2013_112401035/labe2/src/1/1 < test3.in
===================


+++++++++++++++++++
TESTS_PASSED: 0
TESTS_FAILED: 3
+++++++++++++++++++

